2024-11-30 10:15:30,123 user=alice event_type=login_success event_id=4624 severity=2 message="User alice logged in successfully."
2024-11-30 10:16:45,456 user=bob event_type=failed_login event_id=4625 severity=3 message="Failed login attempt for user bob."
2024-11-30 10:18:20,789 user=carol event_type=process_start event_id=4688 severity=1 message="Process chrome.exe started."
2024-11-30 10:20:10,012 user=dave event_type=failed_login event_id=4625 severity=3 message="Failed login attempt for user dave."
2024-12-08 23:53:55,061 user=alice event_type=system_reboot event_id=4688 severity=1 message="User alice User logged in successfully."
2024-12-08 20:37:55,061 user=carol event_type=login_success event_id=4625 severity=4 message="User carol Process started."
2024-12-08 14:25:55,061 user=eve event_type=process_start event_id=6009 severity=3 message="User eve Process ended."
2024-12-08 01:36:55,061 user=eve event_type=process_start event_id=6009 severity=1 message="User eve System rebooted."
2024-12-08 16:31:55,061 user=carol event_type=system_reboot event_id=6009 severity=5 message="User carol Failed login attempt."
2024-12-08 19:56:55,061 user=eve event_type=process_start event_id=4689 severity=2 message="User eve Failed login attempt."
2024-12-08 06:58:55,061 user=alice event_type=process_start event_id=4689 severity=5 message="User alice System rebooted."
2024-12-08 10:08:55,061 user=eve event_type=failed_login event_id=4688 severity=2 message="User eve Failed login attempt."
2024-12-08 12:23:55,061 user=bob event_type=system_reboot event_id=6009 severity=1 message="User bob User logged in successfully."
2024-12-08 21:08:55,061 user=alice event_type=process_end event_id=4624 severity=5 message="User alice Failed login attempt."
2024-12-08 07:44:55,061 user=carol event_type=failed_login event_id=4625 severity=5 message="User carol System rebooted."
2024-12-08 12:00:55,061 user=bob event_type=process_end event_id=4688 severity=2 message="User bob Process started."
2024-12-08 20:20:55,061 user=dave event_type=process_start event_id=6009 severity=3 message="User dave Process started."
2024-12-08 17:37:55,061 user=bob event_type=process_start event_id=4624 severity=1 message="User bob User logged in successfully."
2024-12-08 17:32:55,061 user=eve event_type=failed_login event_id=6009 severity=1 message="User eve Process started."
2024-12-08 15:03:55,061 user=dave event_type=system_reboot event_id=4624 severity=4 message="User dave Process ended."
2024-12-08 09:29:55,061 user=bob event_type=process_end event_id=4688 severity=4 message="User bob User logged in successfully."
2024-12-08 11:41:55,061 user=bob event_type=process_start event_id=4624 severity=3 message="User bob Process started."
2024-12-08 03:54:55,061 user=bob event_type=process_start event_id=4625 severity=5 message="User bob User logged in successfully."
2024-12-08 12:04:55,061 user=bob event_type=system_reboot event_id=4625 severity=1 message="User bob Failed login attempt."
2024-12-08 02:51:55,061 user=eve event_type=process_start event_id=4689 severity=1 message="User eve System rebooted."
2024-12-08 11:21:55,061 user=dave event_type=process_start event_id=4625 severity=5 message="User dave Failed login attempt."
2024-12-08 05:12:55,061 user=dave event_type=failed_login event_id=4624 severity=3 message="User dave User logged in successfully."
2024-12-08 02:48:55,061 user=alice event_type=login_success event_id=4625 severity=5 message="User alice User logged in successfully."
2024-12-08 11:57:55,061 user=alice event_type=process_start event_id=4688 severity=4 message="User alice User logged in successfully."
2024-12-08 09:17:55,061 user=bob event_type=process_start event_id=4624 severity=5 message="User bob Process started."
2024-12-08 02:06:55,061 user=eve event_type=process_start event_id=4625 severity=4 message="User eve Process started."
2024-12-08 03:32:55,061 user=bob event_type=system_reboot event_id=4689 severity=3 message="User bob Failed login attempt."
2024-12-08 21:28:55,061 user=eve event_type=process_end event_id=6009 severity=5 message="User eve System rebooted."
2024-12-08 05:54:55,061 user=eve event_type=process_end event_id=4624 severity=5 message="User eve Process started."
2024-12-08 01:26:55,061 user=bob event_type=failed_login event_id=6009 severity=4 message="User bob Process ended."
2024-12-08 20:52:55,061 user=carol event_type=system_reboot event_id=6009 severity=5 message="User carol Failed login attempt."
2024-12-08 20:27:55,061 user=alice event_type=process_end event_id=4688 severity=2 message="User alice User logged in successfully."
2024-12-08 08:52:55,062 user=carol event_type=process_start event_id=4688 severity=2 message="User carol Process started."
2024-12-08 04:56:55,062 user=carol event_type=login_success event_id=4625 severity=4 message="User carol User logged in successfully."
2024-12-08 13:20:55,062 user=bob event_type=failed_login event_id=4688 severity=2 message="User bob User logged in successfully."
2024-12-08 20:13:55,062 user=bob event_type=login_success event_id=6009 severity=3 message="User bob System rebooted."
2024-12-08 17:46:55,062 user=carol event_type=login_success event_id=6009 severity=4 message="User carol System rebooted."
2024-12-08 09:24:55,062 user=eve event_type=system_reboot event_id=4625 severity=3 message="User eve System rebooted."
2024-12-08 05:03:55,062 user=carol event_type=system_reboot event_id=4624 severity=5 message="User carol Process started."
2024-12-08 23:57:55,062 user=eve event_type=process_end event_id=4624 severity=5 message="User eve Failed login attempt."
2024-12-08 15:54:55,062 user=alice event_type=process_end event_id=4624 severity=3 message="User alice User logged in successfully."
2024-12-08 18:49:55,062 user=alice event_type=process_end event_id=4625 severity=2 message="User alice System rebooted."
2024-12-08 10:18:55,062 user=alice event_type=process_start event_id=4624 severity=4 message="User alice User logged in successfully."
2024-12-08 15:09:55,062 user=eve event_type=process_start event_id=4624 severity=5 message="User eve System rebooted."
2024-12-08 02:41:55,062 user=eve event_type=failed_login event_id=4688 severity=2 message="User eve Process ended."
2024-12-08 22:24:55,062 user=eve event_type=process_end event_id=4689 severity=1 message="User eve User logged in successfully."
2024-12-08 17:19:55,062 user=eve event_type=system_reboot event_id=6009 severity=4 message="User eve Process ended."
2024-12-08 13:29:55,062 user=dave event_type=login_success event_id=4624 severity=2 message="User dave Process ended."
2024-12-08 03:31:55,062 user=eve event_type=process_end event_id=4624 severity=4 message="User eve Process ended."
